-- Found ament_cmake: 0.9.12 (/opt/ros/foxy/share/ament_cmake/cmake)
-- Found PythonInterp: /usr/bin/python3 (found suitable version "3.8.10", minimum required is "3") 
-- Using PYTHON_EXECUTABLE: /usr/bin/python3
-- Found std_msgs: 2.0.5 (/opt/ros/foxy/share/std_msgs/cmake)
-- Using all available rosidl_typesupport_c: rosidl_typesupport_fastrtps_c;rosidl_typesupport_introspection_c
-- Found rosidl_adapter: 1.3.1 (/opt/ros/foxy/share/rosidl_adapter/cmake)
-- Using all available rosidl_typesupport_cpp: rosidl_typesupport_fastrtps_cpp;rosidl_typesupport_introspection_cpp
-- Found rosidl_default_generators: 1.0.1 (/opt/ros/foxy/share/rosidl_default_generators/cmake)
-- Found PythonInterp: /usr/bin/python3 (found version "3.8.10") 
-- Found ament_cmake_ros: 0.9.2 (/opt/ros/foxy/share/ament_cmake_ros/cmake)
-- Using all available rosidl_typesupport_c: rosidl_typesupport_fastrtps_c;rosidl_typesupport_introspection_c
-- Using all available rosidl_typesupport_cpp: rosidl_typesupport_fastrtps_cpp;rosidl_typesupport_introspection_cpp
-- Found PythonInterp: /usr/bin/python3 (found suitable version "3.8.10", minimum required is "3.5") 
-- Found python_cmake_module: 0.8.1 (/opt/ros/foxy/share/python_cmake_module/cmake)
-- Using PYTHON_EXECUTABLE: /usr/bin/python3
-- Using PYTHON_INCLUDE_DIRS: /usr/include/python3.8
-- Using PYTHON_LIBRARIES: /usr/lib/aarch64-linux-gnu/libpython3.8.so
-- Found ament_lint_auto: 0.9.8 (/opt/ros/foxy/share/ament_lint_auto/cmake)
-- Added test 'lint_cmake' to check CMake code style
-- Added test 'xmllint' to check XML markup files
-- Configuring done
-- Generating done
-- Build files have been written to: /home/jenkin/Documents/bluey/ros2_ws/build/bluey_interface
[35m[1mScanning dependencies of target bluey_interface__cpp[0m
[  2%] [34m[1mGenerating C code for ROS interfaces[0m
[  4%] [34m[1mGenerating C++ code for ROS interfaces[0m
[35m[1mScanning dependencies of target bluey_interface__rosidl_generator_c[0m
[  6%] [32mBuilding C object CMakeFiles/bluey_interface__rosidl_generator_c.dir/rosidl_generator_c/bluey_interface/srv/detail/arm__functions.c.o[0m
[  8%] [32mBuilding C object CMakeFiles/bluey_interface__rosidl_generator_c.dir/rosidl_generator_c/bluey_interface/srv/detail/motion__functions.c.o[0m
[ 10%] [32mBuilding C object CMakeFiles/bluey_interface__rosidl_generator_c.dir/rosidl_generator_c/bluey_interface/srv/detail/lights__functions.c.o[0m
[ 10%] Built target bluey_interface__cpp
In file included from [01m[K/home/jenkin/Documents/bluey/ros2_ws/build/bluey_interface/rosidl_generator_c/bluey_interface/srv/detail/motion__functions.h:19[m[K,
                 from [01m[K/home/jenkin/Documents/bluey/ros2_ws/build/bluey_interface/rosidl_generator_c/bluey_interface/srv/detail/motion__functions.c:4[m[K:
[01m[K/home/jenkin/Documents/bluey/ros2_ws/build/bluey_interface/rosidl_generator_c/bluey_interface/srv/detail/motion__struct.h:22:10:[m[K [01;31m[Kfatal error: [m[Kbluey_interface/msg/detail/string__struct.h: No such file or directory
   22 | #include [01;31m[K"bluey_interface/msg/detail/string__struct.h"[m[K
      |          [01;31m[K^~~~~~~~~~~~~~~~~~~~~~~~~~~~~~~~~~~~~~~~~~~~~[m[K
compilation terminated.
make[2]: *** [CMakeFiles/bluey_interface__rosidl_generator_c.dir/build.make:182: CMakeFiles/bluey_interface__rosidl_generator_c.dir/rosidl_generator_c/bluey_interface/srv/detail/motion__functions.c.o] Error 1
make[2]: *** Waiting for unfinished jobs....
make[1]: *** [CMakeFiles/Makefile2:244: CMakeFiles/bluey_interface__rosidl_generator_c.dir/all] Error 2
make[1]: *** Waiting for unfinished jobs....
[ 12%] [34m[1mGenerating C++ type support dispatch for ROS interfaces[0m
[ 14%] [34m[1mGenerating C++ type support for eProsima Fast-RTPS[0m
[ 17%] [34m[1mGenerating C++ introspection for ROS interfaces[0m
[35m[1mScanning dependencies of target bluey_interface__rosidl_typesupport_cpp[0m
[ 19%] [32mBuilding CXX object CMakeFiles/bluey_interface__rosidl_typesupport_cpp.dir/rosidl_typesupport_cpp/bluey_interface/srv/arm__type_support.cpp.o[0m
[35m[1mScanning dependencies of target bluey_interface__rosidl_typesupport_introspection_cpp[0m
[ 21%] [32mBuilding CXX object CMakeFiles/bluey_interface__rosidl_typesupport_cpp.dir/rosidl_typesupport_cpp/bluey_interface/srv/lights__type_support.cpp.o[0m
[35m[1mScanning dependencies of target bluey_interface__rosidl_typesupport_fastrtps_cpp[0m
[ 23%] [32mBuilding CXX object CMakeFiles/bluey_interface__rosidl_typesupport_introspection_cpp.dir/rosidl_typesupport_introspection_cpp/bluey_interface/srv/detail/arm__type_support.cpp.o[0m
[ 25%] [32mBuilding CXX object CMakeFiles/bluey_interface__rosidl_typesupport_fastrtps_cpp.dir/rosidl_typesupport_fastrtps_cpp/bluey_interface/srv/detail/dds_fastrtps/arm__type_support.cpp.o[0m
[ 27%] [32mBuilding CXX object CMakeFiles/bluey_interface__rosidl_typesupport_cpp.dir/rosidl_typesupport_cpp/bluey_interface/srv/motion__type_support.cpp.o[0m
[ 29%] [32mBuilding CXX object CMakeFiles/bluey_interface__rosidl_typesupport_fastrtps_cpp.dir/rosidl_typesupport_fastrtps_cpp/bluey_interface/srv/detail/dds_fastrtps/lights__type_support.cpp.o[0m
[ 31%] [32mBuilding CXX object CMakeFiles/bluey_interface__rosidl_typesupport_introspection_cpp.dir/rosidl_typesupport_introspection_cpp/bluey_interface/srv/detail/lights__type_support.cpp.o[0m
In file included from [01m[K/home/jenkin/Documents/bluey/ros2_ws/build/bluey_interface/rosidl_typesupport_cpp/bluey_interface/srv/motion__type_support.cpp:7[m[K:
[01m[K/home/jenkin/Documents/bluey/ros2_ws/build/bluey_interface/rosidl_generator_cpp/bluey_interface/srv/detail/motion__struct.hpp:19:10:[m[K [01;31m[Kfatal error: [m[Kbluey_interface/msg/detail/string__struct.hpp: No such file or directory
   19 | #include [01;31m[K"bluey_interface/msg/detail/string__struct.hpp"[m[K
      |          [01;31m[K^~~~~~~~~~~~~~~~~~~~~~~~~~~~~~~~~~~~~~~~~~~~~~~[m[K
compilation terminated.
make[2]: *** [CMakeFiles/bluey_interface__rosidl_typesupport_cpp.dir/build.make:139: CMakeFiles/bluey_interface__rosidl_typesupport_cpp.dir/rosidl_typesupport_cpp/bluey_interface/srv/motion__type_support.cpp.o] Error 1
make[1]: *** [CMakeFiles/Makefile2:499: CMakeFiles/bluey_interface__rosidl_typesupport_cpp.dir/all] Error 2
[ 34%] [32mBuilding CXX object CMakeFiles/bluey_interface__rosidl_typesupport_introspection_cpp.dir/rosidl_typesupport_introspection_cpp/bluey_interface/srv/detail/motion__type_support.cpp.o[0m
In file included from [01m[K/home/jenkin/Documents/bluey/ros2_ws/build/bluey_interface/rosidl_typesupport_introspection_cpp/bluey_interface/srv/detail/motion__type_support.cpp:12[m[K:
[01m[K/home/jenkin/Documents/bluey/ros2_ws/build/bluey_interface/rosidl_generator_cpp/bluey_interface/srv/detail/motion__struct.hpp:19:10:[m[K [01;31m[Kfatal error: [m[Kbluey_interface/msg/detail/string__struct.hpp: No such file or directory
   19 | #include [01;31m[K"bluey_interface/msg/detail/string__struct.hpp"[m[K
      |          [01;31m[K^~~~~~~~~~~~~~~~~~~~~~~~~~~~~~~~~~~~~~~~~~~~~~~[m[K
compilation terminated.
make[2]: *** [CMakeFiles/bluey_interface__rosidl_typesupport_introspection_cpp.dir/build.make:150: CMakeFiles/bluey_interface__rosidl_typesupport_introspection_cpp.dir/rosidl_typesupport_introspection_cpp/bluey_interface/srv/detail/motion__type_support.cpp.o] Error 1
make[2]: *** Waiting for unfinished jobs....
[ 36%] [32mBuilding CXX object CMakeFiles/bluey_interface__rosidl_typesupport_fastrtps_cpp.dir/rosidl_typesupport_fastrtps_cpp/bluey_interface/srv/detail/dds_fastrtps/motion__type_support.cpp.o[0m
make[1]: *** [CMakeFiles/Makefile2:298: CMakeFiles/bluey_interface__rosidl_typesupport_introspection_cpp.dir/all] Error 2
In file included from [01m[K/home/jenkin/Documents/bluey/ros2_ws/build/bluey_interface/rosidl_typesupport_fastrtps_cpp/bluey_interface/srv/detail/motion__rosidl_typesupport_fastrtps_cpp.hpp:11[m[K,
                 from [01m[K/home/jenkin/Documents/bluey/ros2_ws/build/bluey_interface/rosidl_typesupport_fastrtps_cpp/bluey_interface/srv/detail/dds_fastrtps/motion__type_support.cpp:4[m[K:
[01m[K/home/jenkin/Documents/bluey/ros2_ws/build/bluey_interface/rosidl_generator_cpp/bluey_interface/srv/detail/motion__struct.hpp:19:10:[m[K [01;31m[Kfatal error: [m[Kbluey_interface/msg/detail/string__struct.hpp: No such file or directory
   19 | #include [01;31m[K"bluey_interface/msg/detail/string__struct.hpp"[m[K
      |          [01;31m[K^~~~~~~~~~~~~~~~~~~~~~~~~~~~~~~~~~~~~~~~~~~~~~~[m[K
compilation terminated.
make[2]: *** [CMakeFiles/bluey_interface__rosidl_typesupport_fastrtps_cpp.dir/build.make:150: CMakeFiles/bluey_interface__rosidl_typesupport_fastrtps_cpp.dir/rosidl_typesupport_fastrtps_cpp/bluey_interface/srv/detail/dds_fastrtps/motion__type_support.cpp.o] Error 1
make[1]: *** [CMakeFiles/Makefile2:271: CMakeFiles/bluey_interface__rosidl_typesupport_fastrtps_cpp.dir/all] Error 2
make: *** [Makefile:141: all] Error 2
